BRL-CAD Release 7.22.0  The BRL-CAD Raytracer RT
    Tue, 26 Jun 2012 07:58:02 +0200, Compilation 0
    jordi@jordi-desktop:/usr/brlcad
BRL-CAD Release 7.22.0  The BRL-CAD Ray-Tracing Library
    Tue, 26 Jun 2012 07:58:02 +0200, Compilation 0
    jordi@jordi-desktop:/usr/brlcad
BRL-CAD Release 7.22.0  The BRL-CAD Numerical Computation Library
    Tue, 26 Jun 2012 07:58:02 +0200, Compilation 0
    jordi@jordi-desktop:/usr/brlcad
BRL-CAD Release 7.22.0  The BRL-CAD Utility Library
    Tue, 26 Jun 2012 07:58:02 +0200, Compilation 0
    jordi@jordi-desktop:/usr/brlcad

Running on talwinder-Aspire-V3-571G
Planning to run with 4 processors
rt -M -o rt1file.pix
opendb /home/talwinder/view/script/chair.g;
tree chair.r;
db title:  Untitled BRL-CAD Database
DIRBUILD: cpu = 1e-05 sec, elapsed = 0.000176 sec
    parent: 0.0user 0.0sys 0:00real 0% 0i+0d 2592maxrss 0+92pf 0+0csw
  children: 0.0user 0.0sys 0:00real 0% 0i+0d 0maxrss 0+0pf 0+0csw
Additional mem=217088., #malloc=85, #free=69, #realloc=4 (16 retained)
00a9d400 TOL 5.000000e-04 (sq=2.500000e-07) perp=1.000000e-06, para=9.999990e-01
BRL-CAD Release 7.22.0  The BRL-CAD Optical Shader Library
    Tue, 26 Jun 2012 07:58:02 +0200, Compilation 0
    jordi@jordi-desktop:/usr/brlcad
Additional mem=1081344., #malloc=2053, #free=5, #realloc=1 (2048 retained)
GETTREE: cpu = 1e-05 sec, elapsed = 0.000746 sec
    parent: 0.0user 0.0sys 0:00real 0% 0i+0d 3606maxrss 0+57pf 11+0csw
  children: 0.0user 0.0sys 0:00real 0% 0i+0d 0maxrss 0+0pf 0+0csw
Additional mem=0., #malloc=1640, #free=1556, #realloc=7 (84 retained)

...................Frame     0...................
PREP: cpu = 1e-05 sec, elapsed = 0.000257 sec
    parent: 0.0user 0.0sys 0:00real 0% 0i+0d 3606maxrss 0+20pf 0+0csw
  children: 0.0user 0.0sys 0:00real 0% 0i+0d 0maxrss 0+0pf 0+0csw
Additional mem=0., #malloc=104, #free=62, #realloc=4 (42 retained)
NUBSP: 0 nu, 30 cut, 31 box (31 empty)
Tree: 9 solids in 1 regions
Model: X(0, 15), Y(0, 15), Z(0, 22)
View: 0 azimuth, 0 elevation off of front view
Orientation: 0.5, 0.5, 0.5, 0.5
Eye_pos: 80.8417, 7.5, 11
Size: 43mm
Grid: (0.0839844, 0.0839844) mm, (512, 512) pixels
Beam: radius=0.0419922 mm, divergence=0 mm/1mm
Output file is 'rt1file.pix' 512x512 pixels
Low overhead scanline-per-CPU buffering

SHOT: cpu = 0.096 sec, elapsed = 0.027794 sec
    parent: 0.0user 0.0sys 0:00real 450% 0i+0d 4176maxrss 0+436pf 58+10csw
  children: 0.0user 0.0sys 0:00real 0% 0i+0d 0maxrss 0+0pf 0+0csw
Additional mem=0., #malloc=607, #free=565, #realloc=3 (42 retained)
48395 solid/ray intersections: 16980 hits + 31415 miss
pruned 35.1%:  215425 model RPP, 41555 dups skipped, 0 solid RPP
Frame  0:     262144 pixels in      0.02 sec =  10922666.67 pixels/sec
Frame  0:     262144 rays   in      0.02 sec =  10922666.67 rays/sec (RTFM)
Frame  0:     262144 rays   in      0.10 sec =   2730666.67 rays/CPU_sec
Frame  0:     262144 rays   in      0.03 sec =   9431675.90 rays/sec (wallclock)

