BRL-CAD Release 7.22.0  The BRL-CAD Raytracer RT
    Tue, 26 Jun 2012 07:58:02 +0200, Compilation 0
    jordi@jordi-desktop:/usr/brlcad
BRL-CAD Release 7.22.0  The BRL-CAD Ray-Tracing Library
    Tue, 26 Jun 2012 07:58:02 +0200, Compilation 0
    jordi@jordi-desktop:/usr/brlcad
BRL-CAD Release 7.22.0  The BRL-CAD Numerical Computation Library
    Tue, 26 Jun 2012 07:58:02 +0200, Compilation 0
    jordi@jordi-desktop:/usr/brlcad
BRL-CAD Release 7.22.0  The BRL-CAD Utility Library
    Tue, 26 Jun 2012 07:58:02 +0200, Compilation 0
    jordi@jordi-desktop:/usr/brlcad

Running on talwinder-Aspire-V3-571G
Planning to run with 4 processors
rt -M -o rt3file.pix
opendb /home/talwinder/view/script/chair.g;
tree chair.r;
db title:  Untitled BRL-CAD Database
DIRBUILD: cpu = 1e-05 sec, elapsed = 0.000177 sec
    parent: 0.0user 0.0sys 0:00real 0% 0i+0d 2592maxrss 0+92pf 0+0csw
  children: 0.0user 0.0sys 0:00real 0% 0i+0d 0maxrss 0+0pf 0+0csw
Additional mem=217088., #malloc=85, #free=69, #realloc=4 (16 retained)
0141d400 TOL 5.000000e-04 (sq=2.500000e-07) perp=1.000000e-06, para=9.999990e-01
BRL-CAD Release 7.22.0  The BRL-CAD Optical Shader Library
    Tue, 26 Jun 2012 07:58:02 +0200, Compilation 0
    jordi@jordi-desktop:/usr/brlcad
Additional mem=1081344., #malloc=2053, #free=5, #realloc=1 (2048 retained)
GETTREE: cpu = 1e-05 sec, elapsed = 0.000628 sec
    parent: 0.0user 0.0sys 0:00real 0% 0i+0d 3606maxrss 0+58pf 7+0csw
  children: 0.0user 0.0sys 0:00real 0% 0i+0d 0maxrss 0+0pf 0+0csw
Additional mem=0., #malloc=1640, #free=1556, #realloc=7 (84 retained)

...................Frame     0...................
PREP: cpu = 1e-05 sec, elapsed = 9.1e-05 sec
    parent: 0.0user 0.0sys 0:00real 0% 0i+0d 3606maxrss 0+20pf 0+0csw
  children: 0.0user 0.0sys 0:00real 0% 0i+0d 0maxrss 0+0pf 0+0csw
Additional mem=0., #malloc=104, #free=62, #realloc=4 (42 retained)
NUBSP: 0 nu, 30 cut, 31 box (31 empty)
Tree: 9 solids in 1 regions
Model: X(0, 15), Y(0, 15), Z(0, 22)
View: 270 azimuth, 90 elevation off of front view
Orientation: 1.22465e-16, 0, 0, 1
Eye_pos: 7.5, 7.5, 84.3417
Size: 43mm
Grid: (0.0839844, 0.0839844) mm, (512, 512) pixels
Beam: radius=0.0419922 mm, divergence=0 mm/1mm
Output file is 'rt3file.pix' 512x512 pixels
Low overhead scanline-per-CPU buffering

SHOT: cpu = 0.1 sec, elapsed = 0.032741 sec
    parent: 0.1user 0.0sys 0:00real 333% 0i+0d 4190maxrss 0+437pf 43+17csw
  children: 0.0user 0.0sys 0:00real 0% 0i+0d 0maxrss 0+0pf 0+0csw
Additional mem=0., #malloc=615, #free=565, #realloc=3 (50 retained)
37972 solid/ray intersections: 37489 hits + 483 miss
pruned 98.7%:  230103 model RPP, 1456 dups skipped, 0 solid RPP
Frame  0:     262144 pixels in      0.03 sec =  10485760.00 pixels/sec
Frame  0:     262144 rays   in      0.03 sec =  10485760.00 rays/sec (RTFM)
Frame  0:     262144 rays   in      0.10 sec =   2621440.00 rays/CPU_sec
Frame  0:     262144 rays   in      0.03 sec =   8006597.23 rays/sec (wallclock)

